<?xml version="1.0" encoding="UTF-8"?>
<Site BuildName="Win32-mingw32-make"
	BuildStamp="20250629-0931-Experimental"
	Name="[NON-UTF-8-BYTE-0xB6][NON-UTF-8-BYTE-0xAD][NON-UTF-8-BYTE-0xDE]ȳ[NON-UTF-8-BYTE-0xBD]"
	Generator="ctest-3.30.5-msvc23"
	CompilerName="D:/MinGW/mingw64/bin/g++.exe"
	CompilerVersion="8.1.0"
	OSName="Windows"
	Hostname="[NON-UTF-8-BYTE-0xB6][NON-UTF-8-BYTE-0xAD][NON-UTF-8-BYTE-0xDE]ȳ[NON-UTF-8-BYTE-0xBD]"
	OSRelease=" Personal"
	OSVersion=" (Build 22631)"
	OSPlatform="x86"
	Is64Bits="1"
	VendorString="GenuineIntel"
	VendorID="Intel Corporation"
	FamilyID="6"
	ModelID="12"
	ProcessorCacheSize="-1"
	NumberOfLogicalCPU="8"
	NumberOfPhysicalCPU="4"
	TotalVirtualMemory="35058"
	TotalPhysicalMemory="16167"
	LogicalProcessorsPerPhysical="2"
	ProcessorClockFrequency="2918"
	>
	<Testing>
		<StartDateTime>Jun 29 21:39 [NON-UTF-8-BYTE-0xD6]й[NON-UTF-8-BYTE-0xFA][NON-UTF-8-BYTE-0xB1][NON-UTF-8-BYTE-0xEA]׼ʱ[NON-UTF-8-BYTE-0xBC][NON-UTF-8-BYTE-0xE4]</StartDateTime>
		<StartTestTime>1751204342</StartTestTime>
		<TestList/>
		<EndDateTime>Jun 29 21:39 [NON-UTF-8-BYTE-0xD6]й[NON-UTF-8-BYTE-0xFA][NON-UTF-8-BYTE-0xB1][NON-UTF-8-BYTE-0xEA]׼ʱ[NON-UTF-8-BYTE-0xBC][NON-UTF-8-BYTE-0xE4]</EndDateTime>
		<EndTestTime>1751204342</EndTestTime>
		<ElapsedMinutes>0</ElapsedMinutes>
	</Testing>
</Site>
